

Started GET "/" for 127.0.0.1 at 2014-03-19 01:07:37 +0100

ActionController::RoutingError (uninitialized constant HomeController):
  activesupport (4.0.2) lib/active_support/inflector/methods.rb:226:in `const_get'
  activesupport (4.0.2) lib/active_support/inflector/methods.rb:226:in `block in constantize'
  activesupport (4.0.2) lib/active_support/inflector/methods.rb:224:in `each'
  activesupport (4.0.2) lib/active_support/inflector/methods.rb:224:in `inject'
  activesupport (4.0.2) lib/active_support/inflector/methods.rb:224:in `constantize'
  actionpack (4.0.2) lib/action_dispatch/routing/route_set.rb:76:in `controller_reference'
  actionpack (4.0.2) lib/action_dispatch/routing/route_set.rb:66:in `controller'
  actionpack (4.0.2) lib/action_dispatch/routing/route_set.rb:44:in `call'
  actionpack (4.0.2) lib/action_dispatch/journey/router.rb:71:in `block in call'
  actionpack (4.0.2) lib/action_dispatch/journey/router.rb:59:in `each'
  actionpack (4.0.2) lib/action_dispatch/journey/router.rb:59:in `call'
  actionpack (4.0.2) lib/action_dispatch/routing/route_set.rb:680:in `call'
  omniauth (1.2.1) lib/omniauth/strategy.rb:186:in `call!'
  omniauth (1.2.1) lib/omniauth/strategy.rb:164:in `call'
  omniauth (1.2.1) lib/omniauth/builder.rb:59:in `call'
  rack (1.5.2) lib/rack/etag.rb:23:in `call'
  rack (1.5.2) lib/rack/conditionalget.rb:25:in `call'
  rack (1.5.2) lib/rack/head.rb:11:in `call'
  actionpack (4.0.2) lib/action_dispatch/middleware/params_parser.rb:27:in `call'
  actionpack (4.0.2) lib/action_dispatch/middleware/flash.rb:241:in `call'
  rack (1.5.2) lib/rack/session/abstract/id.rb:225:in `context'
  rack (1.5.2) lib/rack/session/abstract/id.rb:220:in `call'
  actionpack (4.0.2) lib/action_dispatch/middleware/cookies.rb:486:in `call'
  activerecord (4.0.2) lib/active_record/query_cache.rb:36:in `call'
  activerecord (4.0.2) lib/active_record/connection_adapters/abstract/connection_pool.rb:626:in `call'
  activerecord (4.0.2) lib/active_record/migration.rb:369:in `call'
  actionpack (4.0.2) lib/action_dispatch/middleware/callbacks.rb:29:in `block in call'
  activesupport (4.0.2) lib/active_support/callbacks.rb:373:in `_run__3480513686967770613__call__callbacks'
  activesupport (4.0.2) lib/active_support/callbacks.rb:80:in `run_callbacks'
  actionpack (4.0.2) lib/action_dispatch/middleware/callbacks.rb:27:in `call'
  actionpack (4.0.2) lib/action_dispatch/middleware/reloader.rb:64:in `call'
  actionpack (4.0.2) lib/action_dispatch/middleware/remote_ip.rb:76:in `call'
  actionpack (4.0.2) lib/action_dispatch/middleware/debug_exceptions.rb:17:in `call'
  actionpack (4.0.2) lib/action_dispatch/middleware/show_exceptions.rb:30:in `call'
  railties (4.0.2) lib/rails/rack/logger.rb:38:in `call_app'
  railties (4.0.2) lib/rails/rack/logger.rb:20:in `block in call'
  activesupport (4.0.2) lib/active_support/tagged_logging.rb:67:in `block in tagged'
  activesupport (4.0.2) lib/active_support/tagged_logging.rb:25:in `tagged'
  activesupport (4.0.2) lib/active_support/tagged_logging.rb:67:in `tagged'
  railties (4.0.2) lib/rails/rack/logger.rb:20:in `call'
  actionpack (4.0.2) lib/action_dispatch/middleware/request_id.rb:21:in `call'
  rack (1.5.2) lib/rack/methodoverride.rb:21:in `call'
  rack (1.5.2) lib/rack/runtime.rb:17:in `call'
  activesupport (4.0.2) lib/active_support/cache/strategy/local_cache.rb:83:in `call'
  rack (1.5.2) lib/rack/lock.rb:17:in `call'
  actionpack (4.0.2) lib/action_dispatch/middleware/static.rb:64:in `call'
  rack (1.5.2) lib/rack/sendfile.rb:112:in `call'
  railties (4.0.2) lib/rails/engine.rb:511:in `call'
  railties (4.0.2) lib/rails/application.rb:97:in `call'
  rack (1.5.2) lib/rack/lock.rb:17:in `call'
  rack (1.5.2) lib/rack/content_length.rb:14:in `call'
  rack (1.5.2) lib/rack/handler/webrick.rb:60:in `service'
  /Users/christian/.rbenv/versions/2.1.0/lib/ruby/2.1.0/webrick/httpserver.rb:138:in `service'
  /Users/christian/.rbenv/versions/2.1.0/lib/ruby/2.1.0/webrick/httpserver.rb:94:in `run'
  /Users/christian/.rbenv/versions/2.1.0/lib/ruby/2.1.0/webrick/server.rb:295:in `block in start_thread'


  Rendered /Users/christian/.rbenv/versions/2.1.0/lib/ruby/gems/2.1.0/gems/actionpack-4.0.2/lib/action_dispatch/middleware/templates/rescues/_trace.erb (1.6ms)
  Rendered /Users/christian/.rbenv/versions/2.1.0/lib/ruby/gems/2.1.0/gems/actionpack-4.0.2/lib/action_dispatch/middleware/templates/routes/_route.html.erb (1.5ms)
  Rendered /Users/christian/.rbenv/versions/2.1.0/lib/ruby/gems/2.1.0/gems/actionpack-4.0.2/lib/action_dispatch/middleware/templates/routes/_table.html.erb (4.7ms)
  Rendered /Users/christian/.rbenv/versions/2.1.0/lib/ruby/gems/2.1.0/gems/actionpack-4.0.2/lib/action_dispatch/middleware/templates/rescues/routing_error.erb within rescues/layout (30.5ms)


Started GET "/" for 127.0.0.1 at 2014-03-19 01:08:28 +0100
Processing by HomeController#index as HTML
  Rendered home/index.html.erb within layouts/application (0.4ms)
Completed 500 Internal Server Error in 25ms

ActionView::Template::Error (undefined method `full_title' for #<#<Class:0x007f8d4216c480>:0x007f8d4216b350>):
    1: <!DOCTYPE html>
    2: <html>
    3: <head>
    4:   <title><%= full_title "Title", yield(:title) %></title>
    5:   <%= stylesheet_link_tag    "application", media: "all" %>
    6:   <%= javascript_include_tag "application" %>
    7:   <%= csrf_meta_tags %>
  app/views/layouts/application.html.erb:4:in `_app_views_layouts_application_html_erb__3090605064744670846_70122350120060'


  Rendered /Users/christian/.rbenv/versions/2.1.0/lib/ruby/gems/2.1.0/gems/actionpack-4.0.2/lib/action_dispatch/middleware/templates/rescues/_trace.erb (7.3ms)
  Rendered /Users/christian/.rbenv/versions/2.1.0/lib/ruby/gems/2.1.0/gems/actionpack-4.0.2/lib/action_dispatch/middleware/templates/rescues/_request_and_response.erb (1.1ms)
  Rendered /Users/christian/.rbenv/versions/2.1.0/lib/ruby/gems/2.1.0/gems/actionpack-4.0.2/lib/action_dispatch/middleware/templates/rescues/template_error.erb within rescues/layout (21.6ms)


Started GET "/" for 127.0.0.1 at 2014-03-19 01:09:15 +0100
Processing by HomeController#index as HTML
  Rendered home/index.html.erb within layouts/application (0.1ms)
Completed 200 OK in 1647ms (Views: 1646.8ms | ActiveRecord: 0.0ms)


Started GET "/assets/application.css?body=1" for 127.0.0.1 at 2014-03-19 01:09:17 +0100


Started GET "/javascripts/application.js" for 127.0.0.1 at 2014-03-19 01:09:17 +0100

ActionController::RoutingError (No route matches [GET] "/javascripts/application.js"):
  actionpack (4.0.2) lib/action_dispatch/middleware/debug_exceptions.rb:21:in `call'
  actionpack (4.0.2) lib/action_dispatch/middleware/show_exceptions.rb:30:in `call'
  railties (4.0.2) lib/rails/rack/logger.rb:38:in `call_app'
  railties (4.0.2) lib/rails/rack/logger.rb:20:in `block in call'
  activesupport (4.0.2) lib/active_support/tagged_logging.rb:67:in `block in tagged'
  activesupport (4.0.2) lib/active_support/tagged_logging.rb:25:in `tagged'
  activesupport (4.0.2) lib/active_support/tagged_logging.rb:67:in `tagged'
  railties (4.0.2) lib/rails/rack/logger.rb:20:in `call'
  actionpack (4.0.2) lib/action_dispatch/middleware/request_id.rb:21:in `call'
  rack (1.5.2) lib/rack/methodoverride.rb:21:in `call'
  rack (1.5.2) lib/rack/runtime.rb:17:in `call'
  activesupport (4.0.2) lib/active_support/cache/strategy/local_cache.rb:83:in `call'
  rack (1.5.2) lib/rack/lock.rb:17:in `call'
  actionpack (4.0.2) lib/action_dispatch/middleware/static.rb:64:in `call'
  rack (1.5.2) lib/rack/sendfile.rb:112:in `call'
  railties (4.0.2) lib/rails/engine.rb:511:in `call'
  railties (4.0.2) lib/rails/application.rb:97:in `call'
  rack (1.5.2) lib/rack/lock.rb:17:in `call'
  rack (1.5.2) lib/rack/content_length.rb:14:in `call'
  rack (1.5.2) lib/rack/handler/webrick.rb:60:in `service'
  /Users/christian/.rbenv/versions/2.1.0/lib/ruby/2.1.0/webrick/httpserver.rb:138:in `service'
  /Users/christian/.rbenv/versions/2.1.0/lib/ruby/2.1.0/webrick/httpserver.rb:94:in `run'
  /Users/christian/.rbenv/versions/2.1.0/lib/ruby/2.1.0/webrick/server.rb:295:in `block in start_thread'


  Rendered /Users/christian/.rbenv/versions/2.1.0/lib/ruby/gems/2.1.0/gems/actionpack-4.0.2/lib/action_dispatch/middleware/templates/rescues/_trace.erb (1.2ms)
  Rendered /Users/christian/.rbenv/versions/2.1.0/lib/ruby/gems/2.1.0/gems/actionpack-4.0.2/lib/action_dispatch/middleware/templates/routes/_route.html.erb (1.5ms)
  Rendered /Users/christian/.rbenv/versions/2.1.0/lib/ruby/gems/2.1.0/gems/actionpack-4.0.2/lib/action_dispatch/middleware/templates/routes/_table.html.erb (1.0ms)
  Rendered /Users/christian/.rbenv/versions/2.1.0/lib/ruby/gems/2.1.0/gems/actionpack-4.0.2/lib/action_dispatch/middleware/templates/rescues/routing_error.erb within rescues/layout (22.3ms)


Started GET "/assets/bootstrap/glyphicons-halflings-regular.woff" for 127.0.0.1 at 2014-03-19 01:09:17 +0100


Started GET "/" for 127.0.0.1 at 2014-03-19 01:10:39 +0100
Processing by HomeController#index as HTML
  Rendered home/index.html.erb within layouts/application (0.1ms)
Completed 200 OK in 396ms (Views: 395.5ms | ActiveRecord: 0.0ms)


Started GET "/assets/application.css?body=1" for 127.0.0.1 at 2014-03-19 01:10:40 +0100


Started GET "/assets/turbolinks.js?body=1" for 127.0.0.1 at 2014-03-19 01:10:40 +0100


Started GET "/assets/angular-resource.js?body=1" for 127.0.0.1 at 2014-03-19 01:10:40 +0100


Started GET "/assets/angular.js?body=1" for 127.0.0.1 at 2014-03-19 01:10:40 +0100


Started GET "/assets/libs/angular-md5.js?body=1" for 127.0.0.1 at 2014-03-19 01:10:40 +0100


Started GET "/assets/libs/angular-moment.js?body=1" for 127.0.0.1 at 2014-03-19 01:10:40 +0100


Started GET "/assets/libs/angular-translate.js?body=1" for 127.0.0.1 at 2014-03-19 01:10:40 +0100


Started GET "/assets/init.js?body=1" for 127.0.0.1 at 2014-03-19 01:10:40 +0100


Started GET "/assets/services/AlertFactory.js?body=1" for 127.0.0.1 at 2014-03-19 01:10:40 +0100


Started GET "/assets/services/Resource.js?body=1" for 127.0.0.1 at 2014-03-19 01:10:40 +0100


Started GET "/assets/directives/gravatar.js?body=1" for 127.0.0.1 at 2014-03-19 01:10:40 +0100


Started GET "/assets/controllers/ResourcesController.js?body=1" for 127.0.0.1 at 2014-03-19 01:10:40 +0100


Started GET "/assets/application.js?body=1" for 127.0.0.1 at 2014-03-19 01:10:40 +0100


Started GET "/assets/bootstrap/glyphicons-halflings-regular.woff" for 127.0.0.1 at 2014-03-19 01:10:40 +0100


Started GET "/" for 127.0.0.1 at 2014-03-19 01:11:50 +0100
Processing by HomeController#index as HTML
  Rendered home/index.html.erb within layouts/application (0.0ms)
Completed 200 OK in 6ms (Views: 5.3ms | ActiveRecord: 0.0ms)


Started GET "/assets/application.css?body=1" for 127.0.0.1 at 2014-03-19 01:11:50 +0100


Started GET "/assets/libs/angular-md5.js?body=1" for 127.0.0.1 at 2014-03-19 01:11:50 +0100


Started GET "/assets/angular.js?body=1" for 127.0.0.1 at 2014-03-19 01:11:50 +0100


Started GET "/assets/turbolinks.js?body=1" for 127.0.0.1 at 2014-03-19 01:11:50 +0100


Started GET "/assets/angular-resource.js?body=1" for 127.0.0.1 at 2014-03-19 01:11:50 +0100


Started GET "/assets/libs/angular-moment.js?body=1" for 127.0.0.1 at 2014-03-19 01:11:50 +0100


Started GET "/assets/libs/angular-translate.js?body=1" for 127.0.0.1 at 2014-03-19 01:11:50 +0100


Started GET "/assets/init.js?body=1" for 127.0.0.1 at 2014-03-19 01:11:50 +0100


Started GET "/assets/services/AlertFactory.js?body=1" for 127.0.0.1 at 2014-03-19 01:11:51 +0100


Started GET "/assets/controllers/ResourcesController.js?body=1" for 127.0.0.1 at 2014-03-19 01:11:51 +0100


Started GET "/assets/services/Resource.js?body=1" for 127.0.0.1 at 2014-03-19 01:11:51 +0100


Started GET "/assets/directives/gravatar.js?body=1" for 127.0.0.1 at 2014-03-19 01:11:51 +0100


Started GET "/assets/application.js?body=1" for 127.0.0.1 at 2014-03-19 01:11:51 +0100


Started GET "/assets/bootstrap/glyphicons-halflings-regular.woff" for 127.0.0.1 at 2014-03-19 01:11:51 +0100


Started GET "/auth/toerh_doorkeeper" for 127.0.0.1 at 2014-03-19 01:16:04 +0100


Started GET "/auth/toerh_doorkeeper/callback?code=e74ff8e9e453f70c31c22665322186c3968e517cedc43a39cf3605b692c82af6&state=665201be4e610bf66d28083dfdb3439b93790bcca1300959" for 127.0.0.1 at 2014-03-19 01:16:04 +0100
Processing by HomeController#callback as HTML
  Parameters: {"code"=>"e74ff8e9e453f70c31c22665322186c3968e517cedc43a39cf3605b692c82af6", "state"=>"665201be4e610bf66d28083dfdb3439b93790bcca1300959"}
Completed 500 Internal Server Error in 2ms

RuntimeError (--- !ruby/hash:OmniAuth::AuthHash
provider: :toerh_doorkeeper
uid: f6e195c7-2d28-420e-9534-1fb87524a9d2
info: !ruby/hash:OmniAuth::AuthHash::InfoHash
  name: Member Test
  email: member@test.com
  first_name: Member
  last_name: Test
credentials: !ruby/hash:OmniAuth::AuthHash
  token: 36b490b38137ddcca01f70a69009d9a583eedeadcbf24556692315b3389a1e76
  expires_at: 1395195364
  expires: true
extra: !ruby/hash:OmniAuth::AuthHash {}
):
  app/controllers/home_controller.rb:6:in `callback'


  Rendered /Users/christian/.rbenv/versions/2.1.0/lib/ruby/gems/2.1.0/gems/actionpack-4.0.2/lib/action_dispatch/middleware/templates/rescues/_source.erb (1.0ms)
  Rendered /Users/christian/.rbenv/versions/2.1.0/lib/ruby/gems/2.1.0/gems/actionpack-4.0.2/lib/action_dispatch/middleware/templates/rescues/_trace.erb (1.1ms)
  Rendered /Users/christian/.rbenv/versions/2.1.0/lib/ruby/gems/2.1.0/gems/actionpack-4.0.2/lib/action_dispatch/middleware/templates/rescues/_request_and_response.erb (1.1ms)
  Rendered /Users/christian/.rbenv/versions/2.1.0/lib/ruby/gems/2.1.0/gems/actionpack-4.0.2/lib/action_dispatch/middleware/templates/rescues/diagnostics.erb within rescues/layout (16.5ms)


Started GET "/" for 127.0.0.1 at 2014-03-19 01:19:10 +0100
Processing by HomeController#index as HTML
  Rendered home/index.html.erb within layouts/application (1.2ms)
Completed 200 OK in 94ms (Views: 79.6ms | ActiveRecord: 0.0ms)


Started GET "/assets/application.css?body=1" for 127.0.0.1 at 2014-03-19 01:19:11 +0100


Started GET "/assets/turbolinks.js?body=1" for 127.0.0.1 at 2014-03-19 01:19:11 +0100


Started GET "/assets/angular-resource.js?body=1" for 127.0.0.1 at 2014-03-19 01:19:11 +0100


Started GET "/assets/angular.js?body=1" for 127.0.0.1 at 2014-03-19 01:19:11 +0100


Started GET "/assets/libs/angular-md5.js?body=1" for 127.0.0.1 at 2014-03-19 01:19:11 +0100


Started GET "/assets/libs/angular-moment.js?body=1" for 127.0.0.1 at 2014-03-19 01:19:11 +0100


Started GET "/assets/libs/angular-translate.js?body=1" for 127.0.0.1 at 2014-03-19 01:19:11 +0100


Started GET "/assets/init.js?body=1" for 127.0.0.1 at 2014-03-19 01:19:11 +0100


Started GET "/assets/services/AlertFactory.js?body=1" for 127.0.0.1 at 2014-03-19 01:19:11 +0100


Started GET "/assets/services/Resource.js?body=1" for 127.0.0.1 at 2014-03-19 01:19:11 +0100


Started GET "/assets/controllers/ResourcesController.js?body=1" for 127.0.0.1 at 2014-03-19 01:19:11 +0100


Started GET "/assets/directives/gravatar.js?body=1" for 127.0.0.1 at 2014-03-19 01:19:11 +0100


Started GET "/assets/application.js?body=1" for 127.0.0.1 at 2014-03-19 01:19:11 +0100


Started GET "/assets/bootstrap/glyphicons-halflings-regular.woff" for 127.0.0.1 at 2014-03-19 01:19:11 +0100


Started GET "/" for 127.0.0.1 at 2014-03-19 01:23:06 +0100
Processing by HomeController#index as HTML
  Rendered home/index.html.erb within layouts/application (0.1ms)
Completed 200 OK in 6ms (Views: 5.7ms | ActiveRecord: 0.0ms)


Started GET "/assets/application.css?body=1" for 127.0.0.1 at 2014-03-19 01:23:06 +0100


Started GET "/assets/libs/angular-md5.js?body=1" for 127.0.0.1 at 2014-03-19 01:23:06 +0100


Started GET "/assets/turbolinks.js?body=1" for 127.0.0.1 at 2014-03-19 01:23:06 +0100


Started GET "/assets/angular.js?body=1" for 127.0.0.1 at 2014-03-19 01:23:06 +0100


Started GET "/assets/angular-resource.js?body=1" for 127.0.0.1 at 2014-03-19 01:23:06 +0100


Started GET "/assets/libs/angular-moment.js?body=1" for 127.0.0.1 at 2014-03-19 01:23:06 +0100


Started GET "/assets/init.js?body=1" for 127.0.0.1 at 2014-03-19 01:23:06 +0100


Started GET "/assets/libs/angular-translate.js?body=1" for 127.0.0.1 at 2014-03-19 01:23:06 +0100


Started GET "/assets/services/AlertFactory.js?body=1" for 127.0.0.1 at 2014-03-19 01:23:06 +0100


Started GET "/assets/services/Resource.js?body=1" for 127.0.0.1 at 2014-03-19 01:23:06 +0100


Started GET "/assets/application.js?body=1" for 127.0.0.1 at 2014-03-19 01:23:06 +0100


Started GET "/assets/directives/gravatar.js?body=1" for 127.0.0.1 at 2014-03-19 01:23:06 +0100


Started GET "/assets/controllers/ResourcesController.js?body=1" for 127.0.0.1 at 2014-03-19 01:23:06 +0100


Started GET "/assets/bootstrap/glyphicons-halflings-regular.woff" for 127.0.0.1 at 2014-03-19 01:23:07 +0100
